<?xml version="1.0" encoding="UTF-8"?>
<!-- Generated by org.testng.reporters.JUnitReportReporter -->
<testsuite skipped="0" hostname="DESKTOP-AT3JCBF" name="WAY.Automate.Bank" tests="1" failures="0" timestamp="15 Feb 2021 09:49:21 GMT" time="11.110" errors="0">
  <testcase name="test" time="11.110" classname="WAY.Automate.Bank"/>
</testsuite> <!-- WAY.Automate.Bank -->
